     **********************************************************
                               data
     **********************************************************
  ==data==01-set
  Floor  Tower    Jmax     Max-(X)   Ave-(X)        h
                  JmaxD    Max-Dx    Ave-Dx     Max-Dx/h    DxR/Dx    Ratio_AX

   44     1    44000121     59.40    57.07         5000
               44000140      1.80     1.58       1/2776      9.42%    1.00
   43     1    43000133     59.03    56.06         4000
               43000145      1.49     1.39       1/2689      2.44%    0.84
   42     1    42000205     57.94    54.87         3000
               42000221      1.13     1.06       1/2645      3.47%    0.89
   41     1    41000228     57.05    53.91         3000
               41000247      1.16     1.10       1/2586      3.35%    0.90
   40     1    40000228     56.11    52.91         3000
               40000247      1.19     1.13       1/2532      3.49%    0.89
   39     1    39000228     55.14    51.89         3000
               39000247      1.21     1.17       1/2475      3.34%    0.89
   38     1    38000228     54.13    50.83         3000
               38000247      1.24     1.21       1/2420      3.11%    0.89
   37     1    37000228     53.08    49.75         3000
               37000228      1.28     1.25       1/2335      2.76%    0.89
   36     1    36000228     52.00    48.63         3000
               36000228      1.33     1.28       1/2263      2.29%    0.88
   35     1    35000228     50.88    47.49         3000
               35000228      1.36     1.31       1/2207      1.52%    0.88
   34     1    34000228     49.72    46.32         3000
               34000228      1.38     1.33       1/2176      0.09%    0.87
   33     1    33000229     48.55    45.13         3000
               33000229      1.37     1.33       1/2188      1.65%    0.85
   32     1    32000229     47.13    43.70         4900
               32000229      2.28     2.21       1/2152      6.27%    0.85
   31     1    31000190     45.38    41.91         3000
               31000190      1.51     1.44       1/1984      1.68%    0.90
   30     1    30000228     44.07    40.60         3000
               30000228      1.54     1.46       1/1948      1.94%    0.89
   29     1    29000228     42.72    39.27         3000
               29000228      1.58     1.49       1/1904      1.57%    0.88
   28     1    28000228     41.32    37.91         3000
               28000228      1.61     1.51       1/1869      1.38%    0.86
   27     1    27000228     39.90    36.52         3000
               27000228      1.63     1.53       1/1839      1.16%    0.86
   26     1    26000228     38.43    35.11         3000
               26000228      1.65     1.55       1/ 914      0.96%    0.86
   25     1    25000228     36.94    33.67         3000
               25000228      1.67     1.57       1/1794      0.76%    0.85
   24     1    24000228     35.42    32.21         3000
               24000228      1.69     1.58       1/1777      0.55%    0.85
   23     1    23000228     33.88    30.73         3000
               23000228      1.70     1.59       1/1765      0.31%    0.84
   22     1    22000228     32.31    29.24         3000
               22000228      1.71     1.59       1/1757      0.05%    0.84
   21     1    21000228     30.72    27.74         3000
               21000228      1.71     1.59       1/1754      0.28%    0.84
   20     1    20000228     29.12    26.22         3000
               20000228      1.71     1.59       1/1758      0.72%    0.83
   19     1    19000228     27.52    24.71         3000
               19000228      1.69     1.58       1/ 972      1.41%    0.83
   18     1    18000228     25.92    23.19         3000
               18000228      1.67     1.55       1/1802      3.04%    0.82
   17     1    17000229     24.33    21.69         3000
               17000229      1.60     1.51       1/1874      1.96%    0.80
   16     1    16000229     22.61    20.07         4900
               16000229      2.56     2.41       1/1912      3.54%    0.80
   15     1    15000190     20.30    17.86         3000
               15000190      1.67     1.53       1/ 999      0.95%    0.84
   14     1    14000228     18.68    16.36         3000
               14000228      1.66     1.51       1/ 810      0.82%    0.84
   13     1    13000228     17.06    14.87         3000
               13000228      1.66     1.50       1/1811      1.39%    0.83
   12     1    12000228     15.44    13.40         3000
               12000228      1.65     1.48       1/1824      1.83%    0.81
   11     1    11000228     13.82    11.94         3000
               11000228      1.63     1.45       1/1844      2.38%    0.81
   10     1    10000228     12.22    10.50         3000
               10000228      1.60     1.42       1/1875      3.03%    0.80
    9     1     9000228     10.64     9.10         3000
                9000228      1.56     1.37       1/1919      3.83%    0.79
    8     1     8000228      9.09     7.73         3000
                8000228      1.52     1.32       1/1979      4.89%    0.78
    7     1     7000228      7.59     6.42         3000
                7000228      1.45     1.26       1/2062      6.07%    0.76
    6     1     6000228      6.14     5.17         3000
                6000228      1.38     1.18       1/2175      8.24%    0.75
    5     1     5000228      4.77     4.00         3000
                5000228      1.28     1.08       1/2349     10.72%    0.72
    4     1     4000228      3.49     2.92         3000
                4000228      1.15     0.97       1/2604     15.05%    0.69
    3     1     3000228      2.34     1.96         3000
                3000228      0.99     0.82       1/3038     23.48%    0.65
    2     1     2000228      1.36     1.14         3000
                2000228      0.76     0.63       1/3962     51.72%    0.59
    1     1     1000253      0.60     0.51         5000
                1000253      0.60     0.51       1/8301    100.00%    0.37
  ==data==02-set

  Floor  Tower    Jmax     Max-(X)   Ave-(X)        h
                  JmaxD    Max-Dx    Ave-Dx     Max-Dx/h    DxR/Dx    Ratio_AX

   44     1    44000121     61.71    58.77         5000
               44000140      1.84     1.66       1/ 999     10.00%    1.00
   43     1    43000133     61.91    58.03         4000
               43000145      1.52     1.47       1/2633      2.69%    0.85
   42     1    42000205     60.70    56.77         3000
               42000205      1.16     1.13       1/2588      3.50%    0.90
   41     1    41000228     59.72    55.75         3000
               41000228      1.21     1.16       1/2485      3.22%    0.90
   40     1    40000228     58.70    54.70         3000
               40000228      1.25     1.20       1/2392      3.34%    0.89
   39     1    39000228     57.64    53.62         3000
               39000228      1.30     1.24       1/2301      3.19%    0.89
   38     1    38000228     56.54    52.51         3000
               38000228      1.35     1.28       1/2219      2.96%    0.89
   37     1    37000228     55.41    51.37         3000
               37000228      1.40     1.31       1/2148      2.62%    0.89
   36     1    36000228     54.24    50.21         3000
               36000228      1.44     1.35       1/2088      2.17%    0.88
   35     1    35000228     53.04    49.01         3000
               35000228      1.47     1.38       1/2043      1.44%    0.87
   34     1    34000228     51.81    47.79         3000
               34000228      1.49     1.40       1/2016      0.07%    0.86
   33     1    33000229     50.55    46.54         3000
               33000229      1.48     1.40       1/2025      1.54%    0.85
   32     1    32000229     49.04    45.06         4900
               32000229      2.45     2.31       1/1996      5.78%    0.85
   31     1    31000190     47.17    43.18         3000
               31000190      1.61     1.50       1/1859      1.65%    0.89
   30     1    30000228     45.78    41.83         3000
               30000228      1.64     1.52       1/1831      1.81%    0.88
   29     1    29000228     44.35    40.45         3000
               29000228      1.67     1.55       1/1795      1.46%    0.87
   28     1    28000228     42.89    39.04         3000
               28000228      1.70     1.57       1/1767      1.28%    0.86
   27     1    27000228     41.39    37.60         3000
               27000228      1.72     1.59       1/1742      1.07%    0.86
   26     1    26000228     39.85    36.13         3000
               26000228      1.74     1.61       1/1722      0.88%    0.85
   25     1    25000228     38.29    34.65         3000
               25000228      1.76     1.62       1/1705      0.69%    0.85
   24     1    24000228     36.70    33.14         3000
               24000228      1.77     1.63       1/1692      0.48%    0.85
   23     1    23000228     35.09    31.62         3000
               23000228      1.78     1.64       1/1683      0.25%    0.84
   22     1    22000228     33.46    30.08         3000
               22000228      1.79     1.64       1/1677      0.00%    0.84
   21     1    21000228     31.81    28.53         3000
               21000228      1.79     1.64       1/1676      0.32%    0.84
   20     1    20000228     30.15    26.97         3000
               20000228      1.78     1.64       1/1682      0.75%    0.83
   19     1    19000228     28.48    25.41         3000
               19000228      1.77     1.63       1/ 995      1.42%    0.83
   18     1    18000228     26.81    23.85         3000
               18000228      1.74     1.60       1/1724      2.99%    0.82
   17     1    17000229     25.16    22.31         3000
               17000229      1.68     1.55       1/ 989      1.97%    0.80
   16     1    16000229     23.38    20.64         4900
               16000229      2.68     2.48       1/1826      3.27%    0.80
   15     1    15000190     20.97    18.35         3000
               15000190      1.73     1.58       1/1729      0.92%    0.84
   14     1    14000228     19.30    16.81         3000
               14000228      1.72     1.56       1/1743      0.85%    0.84
   13     1    13000228     17.62    15.29         3000
               13000228      1.72     1.54       1/1746      1.40%    0.83
   12     1    12000228     15.95    13.77         3000
               12000228      1.70     1.52       1/1761      1.83%    0.81
   11     1    11000228     14.28    12.27         3000
               11000228      1.68     1.49       1/1782      2.37%    0.81
   10     1    10000228     12.63    10.80         3000
               10000228      1.65     1.46       1/1813      3.01%    0.80
    9     1     9000228     11.00     9.36         3000
                9000228      1.62     1.41       1/ 956      3.80%    0.79
    8     1     8000228      9.40     7.96         3000
                8000228      1.57     1.36       1/1915      4.85%    0.78
    7     1     7000228      7.85     6.61         3000
                7000228      1.50     1.29       1/1996      6.01%    0.76
    6     1     6000228      6.35     5.33         3000
                6000228      1.43     1.21       1/2104      8.18%    0.75
    5     1     5000228      4.93     4.12         3000
                5000228      1.32     1.11       1/2272     10.65%    0.72
    4     1     4000228      3.62     3.01         3000
                4000228      1.19     1.00       1/2517     14.98%    0.69
    3     1     3000228      2.43     2.02         3000
                3000228      1.02     0.85       1/2934     23.42%    0.65
    2     1     2000228      1.41     1.17         3000
                2000228      0.78     0.65       1/3822     51.65%    0.59
    1     1     1000253      0.63     0.53         5000
                1000253      0.63     0.53       1/7984    100.00%    0.37

  ==data==03-set

  Floor  Tower    Jmax     Max-(X)   Ave-(X)        h
                  JmaxD    Max-Dx    Ave-Dx     Max-Dx/h    DxR/Dx    Ratio_AX

   44     1    44000140     58.83    57.91         5000
               44000140      1.93     1.62       1/2588      8.48%    1.00
   43     1    43000145     57.07    56.47         4000
               43000145      1.60     1.41       1/2503      2.07%    0.83
   42     1    42000221     55.67    55.24         3000
               42000221      1.22     1.08       1/2463      3.25%    0.89
   41     1    41000247     54.57    54.24         3000
               41000247      1.25     1.11       1/2408      3.28%    0.90
   40     1    40000247     53.43    53.19         3000
               40000247      1.27     1.15       1/2358      3.41%    0.89
   39     1    39000247     52.27    52.11         3000
               39000247      1.30     1.19       1/2305      3.28%    0.89
   38     1    38000228     51.22    51.05         3000
               38000247      1.33     1.22       1/2253      3.05%    0.89
   37     1    37000228     50.22    49.99         3000
               37000247      1.36     1.26       1/2205      2.71%    0.89
   36     1    36000228     49.19    48.90         3000
               36000247      1.39     1.30       1/2161      2.26%    0.88
   35     1    35000228     48.13    47.76         3000
               35000247      1.41     1.33       1/2122      1.51%    0.88
   34     1    34000228     47.04    46.58         3000
               34000247      1.43     1.35       1/2093      0.16%    0.87
   33     1    33000229     45.92    45.37         3000
               33000248      1.44     1.35       1/2077      1.57%    0.85
   32     1    32000229     44.58    43.93         4900
               32000248      2.39     2.24       1/2048      6.22%    0.85
   31     1    31000190     42.92    42.11         3000
               31000206      1.52     1.45       1/1979      1.54%    0.89
   30     1    30000228     41.67    40.79         3000
               30000247      1.53     1.48       1/1960      1.89%    0.88
   29     1    29000228     40.39    39.45         3000
               29000247      1.55     1.50       1/1937      1.54%    0.87
   28     1    28000228     39.07    38.07         3000
               28000247      1.56     1.53       1/1919      1.35%    0.86
   27     1    27000228     37.72    36.67         3000
               27000247      1.58     1.55       1/1903      1.13%    0.86
   26     1    26000228     36.34    35.24         3000
               26000247      1.59     1.56       1/1890      0.93%    0.85
   25     1    25000228     34.92    33.79         3000
               25000247      1.60     1.58       1/1880      0.73%    0.85
   24     1    24000228     33.48    32.32         3000
               24000247      1.60     1.59       1/1874      0.52%    0.85
   23     1    23000228     32.02    30.83         3000
               23000228      1.61     1.60       1/1863      0.29%    0.84
   22     1    22000228     30.53    29.33         3000
               22000228      1.62     1.60       1/1855      0.03%    0.84
   21     1    21000228     29.03    27.81         3000
               21000228      1.62     1.60       1/1852      0.30%    0.84
   20     1    20000228     27.52    26.29         3000
               20000228      1.62     1.60       1/1857      0.73%    0.83
   19     1    19000228     26.00    24.76         3000
               19000228      1.60     1.59       1/1872      1.41%    0.83
   18     1    18000228     24.48    23.24         3000
               18000228      1.58     1.56       1/1903      2.97%    0.82
   17     1    17000229     22.98    21.73         3000
               17000248      1.53     1.52       1/1956      2.01%    0.80
   16     1    16000229     21.36    20.10         4900
               16000248      2.46     2.43       1/1993      3.49%    0.80
   15     1    15000190     19.17    17.86         3000
               15000190      1.58     1.54       1/1903      1.13%    0.84
   14     1    14000228     17.64    16.36         3000
               14000228      1.57     1.52       1/1914      0.89%    0.84
   13     1    13000228     16.11    14.87         3000
               13000228      1.57     1.51       1/1915      1.45%    0.83
   12     1    12000228     14.57    13.39         3000
               12000228      1.56     1.48       1/1929      1.89%    0.81
   11     1    11000228     13.05    11.92         3000
               11000228      1.54     1.46       1/1951      2.45%    0.81
   10     1    10000228     11.53    10.49         3000
               10000228      1.51     1.42       1/1984      3.10%    0.80
    9     1     9000228     10.04     9.08         3000
                9000228      1.48     1.38       1/2031      3.91%    0.79
    8     1     8000228      8.57     7.72         3000
                8000228      1.43     1.32       1/2095      4.97%    0.78
    7     1     7000228      7.15     6.41         3000
                7000228      1.37     1.26       1/2184      6.16%    0.76
    6     1     6000228      5.79     5.16         3000
                6000228      1.30     1.18       1/2304      8.32%    0.75
    5     1     5000228      4.49     3.98         3000
                5000228      1.21     1.08       1/2489     10.81%    0.72
    4     1     4000228      3.29     2.91         3000
                4000228      1.09     0.96       1/2761     15.13%    0.69
    3     1     3000228      2.21     1.95         3000
                3000228      0.93     0.82       1/3224     23.49%    0.65
    2     1     2000228      1.28     1.13         3000
                2000228      0.71     0.63       1/4207     51.67%    0.59
    1     1     1000253      0.57     0.51         5000
                1000253      0.57     0.51       1/8832    100.00%    0.37